2022-03-29 15:30:16,669 : ERROR : src.logger : Failed to move the robot
TypeError: '>' not supported between instances of 'int' and 'list'
2022-03-29 15:35:46,412 : ERROR : src.logger : Failed to move the robot
TypeError: '>' not supported between instances of 'int' and 'list'
2022-03-29 17:37:39,971 : ERROR : src.logger : Failed to move the robot
TypeError: '>' not supported between instances of 'int' and 'list'
2022-03-29 17:40:06,697 : ERROR : src.logger : Failed to move the robot
TypeError: '>' not supported between instances of 'int' and 'list'
2022-03-29 17:40:08,874 : ERROR : src.logger : Failed to move the robot
TypeError: '>' not supported between instances of 'int' and 'list'
2022-03-29 17:41:21,326 : ERROR : src.logger : Failed to move the robot
TypeError: '>' not supported between instances of 'int' and 'list'
2022-03-29 17:42:04,233 : ERROR : src.logger : Failed to move the robot
TypeError: '>' not supported between instances of 'int' and 'list'
2022-03-29 17:42:05,770 : ERROR : src.logger : Failed to move the robot
TypeError: '>' not supported between instances of 'int' and 'list'
2022-03-29 17:42:30,020 : ERROR : src.logger : Failed to move the robot
TypeError: '>' not supported between instances of 'int' and 'list'
2022-03-29 17:42:31,593 : ERROR : src.logger : Failed to move the robot
TypeError: '>' not supported between instances of 'int' and 'list'
2022-03-29 17:42:43,395 : ERROR : src.logger : Failed to move the robot
TypeError: '>' not supported between instances of 'int' and 'list'
2022-03-29 17:42:44,753 : ERROR : src.logger : Failed to move the robot
TypeError: '>' not supported between instances of 'int' and 'list'
2022-03-29 17:42:59,229 : ERROR : src.logger : Failed to move the robot
TypeError: '>' not supported between instances of 'int' and 'list'
2022-03-29 17:43:00,220 : ERROR : src.logger : Failed to move the robot
TypeError: '>' not supported between instances of 'int' and 'list'
2022-03-29 17:43:34,751 : ERROR : src.logger : Failed to move the robot
TypeError: '>' not supported between instances of 'int' and 'list'
2022-03-29 17:43:36,556 : ERROR : src.logger : Failed to move the robot
TypeError: '>' not supported between instances of 'int' and 'list'
2022-03-29 17:43:37,759 : ERROR : src.logger : Failed to move the robot
TypeError: '>' not supported between instances of 'int' and 'list'
2022-03-29 17:43:38,594 : ERROR : src.logger : Failed to move the robot
TypeError: '>' not supported between instances of 'int' and 'list'
2022-03-29 17:43:38,660 : ERROR : src.logger : Failed to move the robot
TypeError: '>' not supported between instances of 'int' and 'list'
2022-03-29 17:43:38,996 : ERROR : src.logger : Failed to move the robot
TypeError: '>' not supported between instances of 'int' and 'list'
2022-03-29 17:43:39,269 : ERROR : src.logger : Failed to move the robot
TypeError: '>' not supported between instances of 'int' and 'list'
2022-03-29 17:43:39,338 : ERROR : src.logger : Failed to move the robot
TypeError: '>' not supported between instances of 'int' and 'list'
2022-03-29 17:43:39,634 : ERROR : src.logger : Failed to move the robot
TypeError: '>' not supported between instances of 'int' and 'list'
2022-03-29 17:44:52,053 : ERROR : src.logger : Failed to move the robot
TypeError: '>' not supported between instances of 'int' and 'list'
2022-03-29 17:45:28,908 : ERROR : src.logger : Failed to move the robot
TypeError: '>' not supported between instances of 'int' and 'list'
2022-03-29 17:45:49,142 : INFO : src.logger : Processed Instruction
2022-03-29 17:46:24,264 : ERROR : src.logger : Failed to move the robot
TypeError: '>' not supported between instances of 'int' and 'list'
2022-03-29 17:46:26,663 : ERROR : src.logger : Failed to move the robot
TypeError: '>' not supported between instances of 'int' and 'list'
2022-03-29 17:47:03,716 : ERROR : src.logger : Failed to move the robot
TypeError: '>' not supported between instances of 'int' and 'list'
2022-03-29 17:47:05,127 : ERROR : src.logger : Failed to move the robot
TypeError: '>' not supported between instances of 'int' and 'list'
2022-03-29 17:47:06,616 : ERROR : src.logger : Failed to move the robot
TypeError: '>' not supported between instances of 'int' and 'list'
2022-03-29 17:47:23,850 : ERROR : src.logger : Failed to move the robot
TypeError: '>' not supported between instances of 'int' and 'list'
2022-03-29 17:47:25,562 : ERROR : src.logger : Failed to move the robot
TypeError: '>' not supported between instances of 'int' and 'list'
2022-03-29 17:48:17,587 : ERROR : src.logger : Failed to move the robot
TypeError: '>' not supported between instances of 'int' and 'list'
2022-03-29 17:48:19,199 : ERROR : src.logger : Failed to move the robot
TypeError: '>' not supported between instances of 'int' and 'list'
2022-03-29 17:48:43,165 : ERROR : src.logger : Failed to move the robot
TypeError: '>' not supported between instances of 'int' and 'list'
2022-03-29 17:48:45,974 : ERROR : src.logger : Failed to move the robot
TypeError: '>' not supported between instances of 'int' and 'list'
2022-03-29 17:49:44,514 : ERROR : src.logger : Failed to move the robot
TypeError: '>' not supported between instances of 'int' and 'list'
2022-03-29 17:51:56,833 : ERROR : src.logger : Failed to move the robot
TypeError: '>' not supported between instances of 'int' and 'list'
2022-03-29 17:53:10,776 : ERROR : src.logger : Failed to move the robot
TypeError: 'int' object is not subscriptable
2022-03-29 17:53:42,439 : ERROR : src.logger : Failed to move the robot
TypeError: 'int' object is not subscriptable
2022-03-29 17:53:44,401 : ERROR : src.logger : Failed to move the robot
TypeError: 'int' object is not subscriptable
2022-03-29 17:54:10,428 : ERROR : src.logger : Failed to move the robot
TypeError: 'int' object is not subscriptable
2022-03-29 17:54:12,459 : ERROR : src.logger : Failed to move the robot
TypeError: 'int' object is not subscriptable
2022-03-29 17:55:14,512 : ERROR : src.logger : Failed to move the robot
TypeError: 'int' object is not subscriptable
2022-03-29 17:56:26,659 : INFO : src.logger : Processed Instruction
2022-03-29 17:56:31,200 : INFO : src.logger : Processed Instruction
2022-03-29 17:57:50,990 : ERROR : src.logger : Failed to move the robot
ValueError: ruby cannot be driven out of testfield coordinate
2022-03-29 17:57:52,604 : ERROR : src.logger : Failed to move the robot
ValueError: ruby cannot be driven out of testfield coordinate
2022-03-29 18:01:00,516 : ERROR : src.logger : ruby position out of testfield coordinate
NoneType: None
2022-03-29 18:01:00,517 : ERROR : src.logger : Failed to move the robot
ValueError: ruby cannot be driven out of testfield coordinate
2022-03-29 18:01:02,151 : ERROR : src.logger : ruby position out of testfield coordinate
NoneType: None
2022-03-29 18:01:02,151 : ERROR : src.logger : Failed to move the robot
ValueError: ruby cannot be driven out of testfield coordinate
2022-03-29 18:01:04,301 : ERROR : src.logger : ruby position out of testfield coordinate
NoneType: None
2022-03-29 18:01:04,301 : ERROR : src.logger : Failed to move the robot
ValueError: ruby cannot be driven out of testfield coordinate
2022-03-29 18:02:12,273 : ERROR : src.logger : ruby position out of testfield coordinate
NoneType: None
2022-03-29 18:02:12,274 : ERROR : src.logger : Failed to move the robot
ValueError: ruby cannot be driven out of testfield coordinate
2022-03-29 18:02:36,331 : ERROR : src.logger : ruby position out of testfield coordinate
NoneType: None
2022-03-29 18:02:36,331 : ERROR : src.logger : Failed to move the robot
ValueError: ruby cannot be driven out of testfield coordinate
2022-03-29 18:02:39,870 : ERROR : src.logger : ruby position out of testfield coordinate
NoneType: None
2022-03-29 18:02:39,870 : ERROR : src.logger : Failed to move the robot
ValueError: ruby cannot be driven out of testfield coordinate
2022-03-29 18:03:13,176 : INFO : src.logger : Processed Instruction
2022-03-29 18:13:14,608 : INFO : src.logger : Processed Instruction
2022-03-29 18:13:14,645 : INFO : src.logger : Processed Instruction
2022-03-29 18:13:14,645 : INFO : src.logger : Processed Instruction
2022-03-29 18:13:30,129 : INFO : src.logger : Processed Instruction
2022-03-29 18:13:30,129 : INFO : src.logger : Processed Instruction
2022-03-29 18:13:30,129 : INFO : src.logger : Processed Instruction
2022-03-29 18:15:03,029 : INFO : src.logger : Processed Instruction
2022-03-29 18:15:03,029 : INFO : src.logger : Processed Instruction
2022-03-29 18:15:03,029 : INFO : src.logger : Processed Instruction
2022-03-29 18:17:16,060 : INFO : src.logger : Processed Instruction
2022-03-29 18:17:16,060 : INFO : src.logger : Processed Instruction
2022-03-29 18:17:16,060 : INFO : src.logger : Processed Instruction
2022-03-29 18:17:17,550 : INFO : src.logger : Processed Instruction
2022-03-29 18:17:17,550 : INFO : src.logger : Processed Instruction
2022-03-29 18:17:17,550 : INFO : src.logger : Processed Instruction
2022-03-29 19:24:21,939 : INFO : src.logger : Processed Instruction
2022-03-29 19:24:21,939 : INFO : src.logger : Extracts Final Position
2022-03-29 19:24:21,940 : ERROR : src.logger : Failed to orient the ruby to the right direction
KeyError: 'RIGHT'
2022-03-29 19:24:21,940 : ERROR : src.logger : Failed to orient the ruby to the right direction
KeyError: 'RIGHT'
2022-03-29 19:24:24,235 : INFO : src.logger : Processed Instruction
2022-03-29 19:24:24,235 : INFO : src.logger : Extracts Final Position
2022-03-29 19:24:24,235 : ERROR : src.logger : Failed to orient the ruby to the right direction
KeyError: 'RIGHT'
2022-03-29 19:24:24,235 : ERROR : src.logger : Failed to orient the ruby to the right direction
KeyError: 'RIGHT'
2022-03-29 19:30:23,369 : INFO : src.logger : Processed Instruction
2022-03-29 19:30:23,370 : INFO : src.logger : Extracts Final Position
2022-03-29 19:30:23,370 : ERROR : src.logger : Failed to orient the ruby to the right direction
KeyError: 'RIGHT'
2022-03-29 19:30:23,370 : ERROR : src.logger : Failed to orient the ruby to the right direction
KeyError: 'RIGHT'
2022-03-29 19:30:31,795 : INFO : src.logger : Processed Instruction
2022-03-29 19:30:31,796 : INFO : src.logger : Extracts Final Position
2022-03-29 19:30:31,796 : ERROR : src.logger : Failed to orient the ruby to the right direction
KeyError: 'RIGHT'
2022-03-29 19:30:31,796 : ERROR : src.logger : Failed to orient the ruby to the right direction
KeyError: 'RIGHT'
2022-03-29 19:34:42,617 : INFO : src.logger : Processed Instruction
2022-03-29 19:34:42,617 : INFO : src.logger : Extracts Final Position
2022-03-29 19:34:42,618 : ERROR : src.logger : Failed to orient the ruby to the right direction
KeyError: 'RIGHT'
2022-03-29 19:34:42,618 : ERROR : src.logger : Failed to orient the ruby to the right direction
KeyError: 'RIGHT'
2022-03-29 19:37:01,028 : INFO : src.logger : Processed Instruction
2022-03-29 19:37:01,028 : INFO : src.logger : Extracts Final Position
2022-03-29 19:37:01,029 : ERROR : src.logger : Failed to orient the ruby to the right direction
KeyError: 'RIGHT'
2022-03-29 19:37:01,029 : ERROR : src.logger : Failed to orient the ruby to the right direction
KeyError: 'RIGHT'
2022-03-29 19:41:03,131 : INFO : src.logger : Processed Instruction
2022-03-29 19:41:03,133 : INFO : src.logger : Extracts Final Position
2022-03-29 19:41:03,133 : ERROR : src.logger : Failed to orient the ruby to the right direction
KeyError: 'RIGHT'
2022-03-29 19:41:03,133 : ERROR : src.logger : Failed to orient the ruby to the right direction
KeyError: 'RIGHT'
2022-03-29 19:41:52,711 : INFO : src.logger : Processed Instruction
2022-03-29 19:41:52,711 : INFO : src.logger : Extracts Final Position
2022-03-29 19:41:52,712 : ERROR : src.logger : Failed to orient the ruby to the right direction
KeyError: 'RIGHT'
2022-03-29 19:41:52,712 : ERROR : src.logger : Failed to orient the ruby to the right direction
KeyError: 'RIGHT'
2022-03-29 19:43:40,682 : INFO : src.logger : Processed Instruction
2022-03-29 19:43:40,682 : INFO : src.logger : Extracts Final Position
2022-03-29 19:43:40,683 : ERROR : src.logger : Failed to orient the ruby to the right direction
KeyError: 'RIGHT'
2022-03-29 19:43:40,683 : ERROR : src.logger : Failed to orient the ruby to the right direction
KeyError: 'RIGHT'
2022-03-29 19:43:42,211 : INFO : src.logger : Processed Instruction
2022-03-29 19:43:42,211 : INFO : src.logger : Extracts Final Position
2022-03-29 19:43:42,211 : ERROR : src.logger : Failed to orient the ruby to the right direction
KeyError: 'RIGHT'
2022-03-29 19:43:42,211 : ERROR : src.logger : Failed to orient the ruby to the right direction
KeyError: 'RIGHT'
2022-03-29 19:43:43,197 : INFO : src.logger : Processed Instruction
2022-03-29 19:43:43,197 : INFO : src.logger : Extracts Final Position
2022-03-29 19:43:43,198 : ERROR : src.logger : Failed to orient the ruby to the right direction
KeyError: 'RIGHT'
2022-03-29 19:43:43,198 : ERROR : src.logger : Failed to orient the ruby to the right direction
KeyError: 'RIGHT'
2022-03-29 19:43:57,594 : INFO : src.logger : Processed Instruction
2022-03-29 19:43:57,594 : INFO : src.logger : Extracts Final Position
2022-03-29 19:43:57,594 : ERROR : src.logger : Failed to orient the ruby to the right direction
KeyError: 'RIGHT'
2022-03-29 19:43:57,594 : ERROR : src.logger : Failed to orient the ruby to the right direction
KeyError: 'RIGHT'
2022-03-29 19:44:30,726 : INFO : src.logger : Processed Instruction
2022-03-29 19:44:30,727 : INFO : src.logger : Extracts Final Position
2022-03-29 19:44:30,727 : ERROR : src.logger : Failed to orient the ruby to the right direction
KeyError: 'RIGHT'
2022-03-29 19:44:30,727 : ERROR : src.logger : Failed to orient the ruby to the right direction
KeyError: 'RIGHT'
2022-03-29 19:44:42,399 : INFO : src.logger : Processed Instruction
2022-03-29 19:44:42,399 : INFO : src.logger : Extracts Final Position
2022-03-29 19:44:42,399 : ERROR : src.logger : Failed to orient the ruby to the right direction
KeyError: 'RIGHT'
2022-03-29 19:44:42,399 : ERROR : src.logger : Failed to orient the ruby to the right direction
KeyError: 'RIGHT'
2022-03-29 19:45:56,100 : INFO : src.logger : Processed Instruction
2022-03-29 19:45:56,101 : INFO : src.logger : Extracts Final Position
2022-03-29 19:45:56,101 : ERROR : src.logger : Failed to orient the ruby to the right direction
KeyError: 'RIGHT'
2022-03-29 19:45:56,101 : ERROR : src.logger : Failed to orient the ruby to the right direction
KeyError: 'RIGHT'
2022-03-29 19:46:15,965 : INFO : src.logger : Processed Instruction
2022-03-29 19:46:15,965 : INFO : src.logger : Extracts Final Position
2022-03-29 19:46:15,965 : ERROR : src.logger : Failed to orient the ruby to the right direction
KeyError: 'RIGHT'
2022-03-29 19:46:15,965 : ERROR : src.logger : Failed to orient the ruby to the right direction
KeyError: 'RIGHT'
2022-03-29 19:53:44,765 : INFO : src.logger : Processed Instruction
2022-03-29 19:53:44,765 : INFO : src.logger : Extracts Final Position
2022-03-29 19:53:44,765 : ERROR : src.logger : Failed to orient the ruby to the right direction
KeyError: 'RIGHT'
2022-03-29 19:53:44,765 : ERROR : src.logger : Failed to orient the ruby to the right direction
KeyError: 'RIGHT'
2022-03-29 19:53:51,557 : INFO : src.logger : Processed Instruction
2022-03-29 19:53:51,557 : INFO : src.logger : Extracts Final Position
2022-03-29 19:53:51,558 : ERROR : src.logger : Failed to orient the ruby to the right direction
KeyError: 'RIGHT'
2022-03-29 19:53:51,558 : ERROR : src.logger : Failed to orient the ruby to the right direction
KeyError: 'RIGHT'
2022-03-29 19:55:39,752 : INFO : src.logger : Processed Instruction
2022-03-29 19:55:39,752 : INFO : src.logger : Extracts Final Position
2022-03-29 19:55:39,752 : ERROR : src.logger : Failed to orient the ruby to the right direction
KeyError: 'RIGHT'
2022-03-29 19:55:39,752 : ERROR : src.logger : Failed to orient the ruby to the right direction
KeyError: 'RIGHT'
2022-03-29 19:56:42,919 : INFO : src.logger : Processed Instruction
2022-03-29 19:56:42,919 : INFO : src.logger : Extracts Final Position
2022-03-29 19:56:42,919 : ERROR : src.logger : Failed to orient the ruby to the right direction
KeyError: 'RIGHT'
2022-03-29 19:56:42,919 : ERROR : src.logger : Failed to orient the ruby to the right direction
KeyError: 'RIGHT'
2022-03-29 19:57:17,224 : INFO : src.logger : Processed Instruction
2022-03-29 19:57:17,224 : INFO : src.logger : Extracts Final Position
2022-03-29 19:57:17,224 : ERROR : src.logger : Failed to orient the ruby to the right direction
KeyError: 'RIGHT'
2022-03-29 19:57:17,224 : ERROR : src.logger : Failed to orient the ruby to the right direction
KeyError: 'RIGHT'
2022-03-29 19:58:33,212 : INFO : src.logger : Processed Instruction
2022-03-29 19:58:33,212 : INFO : src.logger : Extracts Final Position
2022-03-29 19:58:33,212 : INFO : src.logger : Processed Instruction
2022-03-29 19:58:33,212 : INFO : src.logger : Processed Instruction
2022-03-29 19:58:33,213 : ERROR : src.logger : Failed to process input
IndexError: list index out of range
2022-03-29 19:58:33,213 : ERROR : src.logger : Failed to process input
IndexError: list index out of range
2022-03-29 20:02:11,529 : INFO : src.logger : Processed Instruction
2022-03-29 20:02:11,529 : INFO : src.logger : Extracts Final Position
2022-03-29 20:02:11,529 : INFO : src.logger : Processed Instruction
2022-03-29 20:02:11,529 : INFO : src.logger : Processed Instruction
2022-03-29 20:02:11,530 : INFO : src.logger : Extracts Final Position
2022-03-29 20:02:11,530 : INFO : src.logger : Extracts Final Position
2022-03-29 20:02:16,349 : INFO : src.logger : Processed Instruction
2022-03-29 20:02:16,349 : INFO : src.logger : Extracts Final Position
2022-03-29 20:02:16,350 : INFO : src.logger : Processed Instruction
2022-03-29 20:02:16,350 : INFO : src.logger : Processed Instruction
2022-03-29 20:02:16,350 : INFO : src.logger : Extracts Final Position
2022-03-29 20:02:16,350 : INFO : src.logger : Extracts Final Position
2022-03-29 23:15:35,153 : INFO : src.logger : Processed Instruction
2022-03-29 23:15:35,153 : INFO : src.logger : Extracts Final Position
2022-03-29 23:15:35,154 : INFO : src.logger : Processed Instruction
2022-03-29 23:15:35,154 : INFO : src.logger : Processed Instruction
2022-03-29 23:15:35,154 : INFO : src.logger : Extracts Final Position
2022-03-29 23:15:35,154 : INFO : src.logger : Extracts Final Position
2022-03-29 23:15:35,214 : INFO : src.logger : Processed Instruction
2022-03-29 23:15:35,214 : INFO : src.logger : Extracts Final Position
2022-03-29 23:15:35,214 : INFO : src.logger : Processed Instruction
2022-03-29 23:15:35,214 : INFO : src.logger : Processed Instruction
2022-03-29 23:15:35,215 : INFO : src.logger : Extracts Final Position
2022-03-29 23:15:35,215 : INFO : src.logger : Extracts Final Position
2022-03-29 23:15:35,687 : INFO : src.logger : Processed Instruction
2022-03-29 23:15:35,687 : INFO : src.logger : Extracts Final Position
2022-03-29 23:15:35,687 : INFO : src.logger : Processed Instruction
2022-03-29 23:15:35,687 : INFO : src.logger : Processed Instruction
2022-03-29 23:15:35,687 : INFO : src.logger : Extracts Final Position
2022-03-29 23:15:35,687 : INFO : src.logger : Extracts Final Position
2022-03-30 00:24:33,812 : INFO : src.logger : Processed Instruction
2022-03-30 00:24:33,813 : INFO : src.logger : Extracts Final Position
2022-03-30 00:24:33,813 : INFO : src.logger : Processed Instruction
2022-03-30 00:24:33,813 : INFO : src.logger : Processed Instruction
2022-03-30 00:24:33,814 : INFO : src.logger : Extracts Final Position
2022-03-30 00:24:33,814 : INFO : src.logger : Extracts Final Position
